Using pre-set license
Built from '2020.3/staging' branch; Version is '2020.3.0f1 (c7b5465681fb) revision 13088070'; Using compiler version '192528614'; Build Type 'Release'
OS: 'Windows 10 Home; OS build 19042.867; Version 2009; 64bit' Language: 'en' Physical Memory: 16281 MB
BatchMode: 1, IsHumanControllingUs: 0, StartBugReporterOnCrash: 0, Is64bit: 1, IsPro: 0

 COMMAND LINE ARGUMENTS:
C:\Program Files\Unity\Hub\Editor\2020.3.0f1\Editor\Unity.exe
-adb2
-batchMode
-noUpm
-name
AssetImportWorker0
-projectPath
C:/Users/monte/OneDrive/Desktop/Escritorio2021/Unity/Game
-logFile
Logs/AssetImportWorker0.log
-srvPort
51555
Successfully changed project path to: C:/Users/monte/OneDrive/Desktop/Escritorio2021/Unity/Game
C:/Users/monte/OneDrive/Desktop/Escritorio2021/Unity/Game
Using Asset Import Pipeline V2.
Refreshing native plugins compatible for Editor in 141.83 ms, found 1 plugins.
Preloading 0 native plugins for Editor in 0.00 ms.
Initialize engine version: 2020.3.0f1 (c7b5465681fb)
[Subsystems] Discovering subsystems at path C:/Program Files/Unity/Hub/Editor/2020.3.0f1/Editor/Data/Resources/UnitySubsystems
[Subsystems] Discovering subsystems at path C:/Users/monte/OneDrive/Desktop/Escritorio2021/Unity/Game/Assets
GfxDevice: creating device client; threaded=0
Direct3D:
    Version:  Direct3D 11.0 [level 11.1]
    Renderer: Intel(R) UHD Graphics 620 (ID=0x5917)
    Vendor:   
    VRAM:     8140 MB
    Driver:   27.20.100.8854
Initialize mono
Mono path[0] = 'C:/Program Files/Unity/Hub/Editor/2020.3.0f1/Editor/Data/Managed'
Mono path[1] = 'C:/Program Files/Unity/Hub/Editor/2020.3.0f1/Editor/Data/MonoBleedingEdge/lib/mono/unityjit'
Mono config path = 'C:/Program Files/Unity/Hub/Editor/2020.3.0f1/Editor/Data/MonoBleedingEdge/etc'
Using monoOptions --debugger-agent=transport=dt_socket,embedding=1,server=y,suspend=n,address=127.0.0.1:56852
Begin MonoManager ReloadAssembly
Registering precompiled unity dll's ...
Register platform support module: C:/Program Files/Unity/Hub/Editor/2020.3.0f1/Editor/Data/PlaybackEngines/WindowsStandaloneSupport/UnityEditor.WindowsStandalone.Extensions.dll
Registered in 0.008158 seconds.
Native extension for WindowsStandalone target not found
Refreshing native plugins compatible for Editor in 174.13 ms, found 1 plugins.
Preloading 0 native plugins for Editor in 0.00 ms.
Invoked RoslynAnalysisRunner static constructor.
RoslynAnalysisRunner will not be running.
RoslynAnalysisRunner has terminated.
Mono: successfully reloaded assembly
- Completed reload, in  5.224 seconds
Platform modules already initialized, skipping
Registering precompiled user dll's ...
Registered in 0.003007 seconds.
Begin MonoManager ReloadAssembly
Native extension for WindowsStandalone target not found
Refreshing native plugins compatible for Editor in 134.87 ms, found 1 plugins.
Preloading 0 native plugins for Editor in 0.00 ms.
Invoked RoslynAnalysisRunner static constructor.
RoslynAnalysisRunner will not be running.
RoslynAnalysisRunner has terminated.
Mono: successfully reloaded assembly
- Completed reload, in  3.644 seconds
Platform modules already initialized, skipping
========================================================================
Worker process is ready to serve import requests
Launched and connected shader compiler UnityShaderCompiler.exe after 0.11 seconds
Refreshing native plugins compatible for Editor in 1.26 ms, found 1 plugins.
Preloading 0 native plugins for Editor in 0.00 ms.
Unloading 1855 Unused Serialized files (Serialized files now loaded: 0)
System memory in use before: 88.2 MB.
System memory in use after: 88.2 MB.

Unloading 24 unused Assets to reduce memory usage. Loaded Objects now: 2301.
Total: 5.624900 ms (FindLiveObjects: 0.370700 ms CreateObjectMapping: 0.185400 ms MarkObjects: 4.642900 ms  DeleteObjects: 0.422800 ms)

========================================================================
Received Import Request.
  path: Assets/Sprits/NaveMovimientos.cs
  artifactKey: Guid(6559a7302e0926f43ab35136eb50fb38) Importer(815301076,1909f56bfc062723c751e8b465ee728b)
Start importing Assets/Sprits/NaveMovimientos.cs using Guid(6559a7302e0926f43ab35136eb50fb38) Importer(815301076,1909f56bfc062723c751e8b465ee728b)  -> (artifact id: '9b1359e9096b52117316f1c8431d1e6f') in 0.094499 seconds
  Import took 0.104468 seconds .

========================================================================
Received Import Request.
  Time since last request: 69.391061 seconds.
  path: Assets/Sprits/NaveMovimientos.cs
  artifactKey: Guid(6559a7302e0926f43ab35136eb50fb38) Importer(815301076,1909f56bfc062723c751e8b465ee728b)
Start importing Assets/Sprits/NaveMovimientos.cs using Guid(6559a7302e0926f43ab35136eb50fb38) Importer(815301076,1909f56bfc062723c751e8b465ee728b)  -> (artifact id: 'ee6a4913d74eebc7ba2460214763f97b') in 0.010596 seconds
  Import took 0.020539 seconds .

========================================================================
Received Import Request.
  Time since last request: 0.001313 seconds.
  path: Assets/Sprits/NaveMovimientos.cs
  artifactKey: Guid(6559a7302e0926f43ab35136eb50fb38) Importer(815301076,1909f56bfc062723c751e8b465ee728b)
Start importing Assets/Sprits/NaveMovimientos.cs using Guid(6559a7302e0926f43ab35136eb50fb38) Importer(815301076,1909f56bfc062723c751e8b465ee728b)  -> (artifact id: 'ee6a4913d74eebc7ba2460214763f97b') in 0.009632 seconds
  Import took 0.018649 seconds .

========================================================================
Received Prepare
Registering precompiled user dll's ...
Registered in 0.004088 seconds.
Begin MonoManager ReloadAssembly
Native extension for WindowsStandalone target not found
Refreshing native plugins compatible for Editor in 1.17 ms, found 1 plugins.
Preloading 0 native plugins for Editor in 0.00 ms.
Invoked RoslynAnalysisRunner static constructor.
RoslynAnalysisRunner will not be running.
RoslynAnalysisRunner has terminated.
Mono: successfully reloaded assembly
- Completed reload, in  3.566 seconds
Platform modules already initialized, skipping
Refreshing native plugins compatible for Editor in 1.09 ms, found 1 plugins.
Preloading 0 native plugins for Editor in 0.00 ms.
Unloading 1837 Unused Serialized files (Serialized files now loaded: 0)
System memory in use before: 87.2 MB.
System memory in use after: 87.2 MB.

Unloading 12 unused Assets to reduce memory usage. Loaded Objects now: 2305.
Total: 6.559800 ms (FindLiveObjects: 0.547300 ms CreateObjectMapping: 0.274400 ms MarkObjects: 5.427800 ms  DeleteObjects: 0.307200 ms)

========================================================================
Received Prepare
Registering precompiled user dll's ...
Registered in 0.003746 seconds.
Begin MonoManager ReloadAssembly
Native extension for WindowsStandalone target not found
Refreshing native plugins compatible for Editor in 0.96 ms, found 1 plugins.
Preloading 0 native plugins for Editor in 0.00 ms.
Invoked RoslynAnalysisRunner static constructor.
RoslynAnalysisRunner will not be running.
RoslynAnalysisRunner has terminated.
Mono: successfully reloaded assembly
- Completed reload, in  3.708 seconds
Platform modules already initialized, skipping
Refreshing native plugins compatible for Editor in 1.10 ms, found 1 plugins.
Preloading 0 native plugins for Editor in 0.00 ms.
Unloading 1837 Unused Serialized files (Serialized files now loaded: 0)
System memory in use before: 87.2 MB.
System memory in use after: 87.2 MB.

Unloading 12 unused Assets to reduce memory usage. Loaded Objects now: 2309.
Total: 6.608500 ms (FindLiveObjects: 0.541700 ms CreateObjectMapping: 0.250000 ms MarkObjects: 5.474400 ms  DeleteObjects: 0.339100 ms)

========================================================================
Received Prepare
Registering precompiled user dll's ...
Registered in 0.001955 seconds.
Begin MonoManager ReloadAssembly
Native extension for WindowsStandalone target not found
Refreshing native plugins compatible for Editor in 0.66 ms, found 1 plugins.
Preloading 0 native plugins for Editor in 0.00 ms.
Invoked RoslynAnalysisRunner static constructor.
RoslynAnalysisRunner will not be running.
RoslynAnalysisRunner has terminated.
Mono: successfully reloaded assembly
- Completed reload, in  2.031 seconds
Platform modules already initialized, skipping
Refreshing native plugins compatible for Editor in 0.76 ms, found 1 plugins.
Preloading 0 native plugins for Editor in 0.00 ms.
Unloading 1837 Unused Serialized files (Serialized files now loaded: 0)
System memory in use before: 87.2 MB.
System memory in use after: 87.2 MB.

Unloading 12 unused Assets to reduce memory usage. Loaded Objects now: 2313.
Total: 5.364900 ms (FindLiveObjects: 0.649100 ms CreateObjectMapping: 0.323900 ms MarkObjects: 4.076100 ms  DeleteObjects: 0.312500 ms)

========================================================================
Received Prepare
Registering precompiled user dll's ...
Registered in 0.001716 seconds.
Begin MonoManager ReloadAssembly
Native extension for WindowsStandalone target not found
Refreshing native plugins compatible for Editor in 0.48 ms, found 1 plugins.
Preloading 0 native plugins for Editor in 0.00 ms.
Invoked RoslynAnalysisRunner static constructor.
RoslynAnalysisRunner will not be running.
RoslynAnalysisRunner has terminated.
Mono: successfully reloaded assembly
- Completed reload, in  1.624 seconds
Platform modules already initialized, skipping
Refreshing native plugins compatible for Editor in 0.46 ms, found 1 plugins.
Preloading 0 native plugins for Editor in 0.00 ms.
Unloading 1837 Unused Serialized files (Serialized files now loaded: 0)
System memory in use before: 87.2 MB.
System memory in use after: 87.2 MB.

Unloading 12 unused Assets to reduce memory usage. Loaded Objects now: 2317.
Total: 3.313800 ms (FindLiveObjects: 0.360300 ms CreateObjectMapping: 0.145400 ms MarkObjects: 2.600400 ms  DeleteObjects: 0.206200 ms)

========================================================================
Received Prepare
Registering precompiled user dll's ...
Registered in 0.001495 seconds.
Begin MonoManager ReloadAssembly
Native extension for WindowsStandalone target not found
Refreshing native plugins compatible for Editor in 0.51 ms, found 1 plugins.
Preloading 0 native plugins for Editor in 0.00 ms.
Invoked RoslynAnalysisRunner static constructor.
RoslynAnalysisRunner will not be running.
RoslynAnalysisRunner has terminated.
Mono: successfully reloaded assembly
- Completed reload, in  1.565 seconds
Platform modules already initialized, skipping
Refreshing native plugins compatible for Editor in 0.67 ms, found 1 plugins.
Preloading 0 native plugins for Editor in 0.00 ms.
Unloading 1837 Unused Serialized files (Serialized files now loaded: 0)
System memory in use before: 87.3 MB.
System memory in use after: 87.2 MB.

Unloading 12 unused Assets to reduce memory usage. Loaded Objects now: 2321.
Total: 3.187800 ms (FindLiveObjects: 0.279900 ms CreateObjectMapping: 0.118600 ms MarkObjects: 2.634100 ms  DeleteObjects: 0.153400 ms)

========================================================================
Received Prepare
Registering precompiled user dll's ...
Registered in 0.001803 seconds.
Begin MonoManager ReloadAssembly
Native extension for WindowsStandalone target not found
Refreshing native plugins compatible for Editor in 0.50 ms, found 1 plugins.
Preloading 0 native plugins for Editor in 0.00 ms.
Invoked RoslynAnalysisRunner static constructor.
RoslynAnalysisRunner will not be running.
RoslynAnalysisRunner has terminated.
Mono: successfully reloaded assembly
- Completed reload, in  1.554 seconds
Platform modules already initialized, skipping
Refreshing native plugins compatible for Editor in 0.72 ms, found 1 plugins.
Preloading 0 native plugins for Editor in 0.00 ms.
Unloading 1837 Unused Serialized files (Serialized files now loaded: 0)
System memory in use before: 87.3 MB.
System memory in use after: 87.3 MB.

Unloading 12 unused Assets to reduce memory usage. Loaded Objects now: 2325.
Total: 3.109000 ms (FindLiveObjects: 0.326900 ms CreateObjectMapping: 0.142700 ms MarkObjects: 2.422300 ms  DeleteObjects: 0.215400 ms)

========================================================================
Received Prepare
Registering precompiled user dll's ...
Registered in 0.001742 seconds.
Begin MonoManager ReloadAssembly
Native extension for WindowsStandalone target not found
Refreshing native plugins compatible for Editor in 0.71 ms, found 1 plugins.
Preloading 0 native plugins for Editor in 0.00 ms.
Invoked RoslynAnalysisRunner static constructor.
RoslynAnalysisRunner will not be running.
RoslynAnalysisRunner has terminated.
Mono: successfully reloaded assembly
- Completed reload, in  1.412 seconds
Platform modules already initialized, skipping
Refreshing native plugins compatible for Editor in 0.46 ms, found 1 plugins.
Preloading 0 native plugins for Editor in 0.00 ms.
Unloading 1837 Unused Serialized files (Serialized files now loaded: 0)
System memory in use before: 87.3 MB.
System memory in use after: 87.3 MB.

Unloading 12 unused Assets to reduce memory usage. Loaded Objects now: 2329.
Total: 3.217400 ms (FindLiveObjects: 0.236800 ms CreateObjectMapping: 0.115600 ms MarkObjects: 2.689300 ms  DeleteObjects: 0.173900 ms)

========================================================================
Received Prepare
Registering precompiled user dll's ...
Registered in 0.001522 seconds.
Begin MonoManager ReloadAssembly
Native extension for WindowsStandalone target not found
Refreshing native plugins compatible for Editor in 0.81 ms, found 1 plugins.
Preloading 0 native plugins for Editor in 0.00 ms.
Invoked RoslynAnalysisRunner static constructor.
RoslynAnalysisRunner will not be running.
RoslynAnalysisRunner has terminated.
Mono: successfully reloaded assembly
- Completed reload, in  1.563 seconds
Platform modules already initialized, skipping
Refreshing native plugins compatible for Editor in 0.47 ms, found 1 plugins.
Preloading 0 native plugins for Editor in 0.00 ms.
Unloading 1837 Unused Serialized files (Serialized files now loaded: 0)
System memory in use before: 87.3 MB.
System memory in use after: 87.3 MB.

Unloading 12 unused Assets to reduce memory usage. Loaded Objects now: 2333.
Total: 3.951600 ms (FindLiveObjects: 0.377100 ms CreateObjectMapping: 0.117900 ms MarkObjects: 3.255200 ms  DeleteObjects: 0.199300 ms)

========================================================================
Received Prepare
Registering precompiled user dll's ...
Registered in 0.001570 seconds.
Begin MonoManager ReloadAssembly
Native extension for WindowsStandalone target not found
Refreshing native plugins compatible for Editor in 0.75 ms, found 1 plugins.
Preloading 0 native plugins for Editor in 0.00 ms.
Invoked RoslynAnalysisRunner static constructor.
RoslynAnalysisRunner will not be running.
RoslynAnalysisRunner has terminated.
Mono: successfully reloaded assembly
- Completed reload, in  1.578 seconds
Platform modules already initialized, skipping
Refreshing native plugins compatible for Editor in 0.65 ms, found 1 plugins.
Preloading 0 native plugins for Editor in 0.00 ms.
Unloading 1837 Unused Serialized files (Serialized files now loaded: 0)
System memory in use before: 87.3 MB.
System memory in use after: 87.3 MB.

Unloading 12 unused Assets to reduce memory usage. Loaded Objects now: 2337.
Total: 3.249800 ms (FindLiveObjects: 0.382700 ms CreateObjectMapping: 0.168200 ms MarkObjects: 2.550000 ms  DeleteObjects: 0.146800 ms)

========================================================================
Received Prepare
Registering precompiled user dll's ...
Registered in 0.002110 seconds.
Begin MonoManager ReloadAssembly
Native extension for WindowsStandalone target not found
Refreshing native plugins compatible for Editor in 0.49 ms, found 1 plugins.
Preloading 0 native plugins for Editor in 0.00 ms.
Invoked RoslynAnalysisRunner static constructor.
RoslynAnalysisRunner will not be running.
RoslynAnalysisRunner has terminated.
Mono: successfully reloaded assembly
- Completed reload, in  1.545 seconds
Platform modules already initialized, skipping
Refreshing native plugins compatible for Editor in 0.49 ms, found 1 plugins.
Preloading 0 native plugins for Editor in 0.00 ms.
Unloading 1837 Unused Serialized files (Serialized files now loaded: 0)
System memory in use before: 87.3 MB.
System memory in use after: 87.3 MB.

Unloading 12 unused Assets to reduce memory usage. Loaded Objects now: 2341.
Total: 2.914600 ms (FindLiveObjects: 0.245600 ms CreateObjectMapping: 0.124300 ms MarkObjects: 2.374300 ms  DeleteObjects: 0.168500 ms)

========================================================================
Received Prepare
Registering precompiled user dll's ...
Registered in 0.001676 seconds.
Begin MonoManager ReloadAssembly
Native extension for WindowsStandalone target not found
Refreshing native plugins compatible for Editor in 0.49 ms, found 1 plugins.
Preloading 0 native plugins for Editor in 0.00 ms.
Invoked RoslynAnalysisRunner static constructor.
RoslynAnalysisRunner will not be running.
RoslynAnalysisRunner has terminated.
Mono: successfully reloaded assembly
- Completed reload, in  1.562 seconds
Platform modules already initialized, skipping
Refreshing native plugins compatible for Editor in 0.52 ms, found 1 plugins.
Preloading 0 native plugins for Editor in 0.00 ms.
Unloading 1837 Unused Serialized files (Serialized files now loaded: 0)
System memory in use before: 87.3 MB.
System memory in use after: 87.3 MB.

Unloading 12 unused Assets to reduce memory usage. Loaded Objects now: 2345.
Total: 4.170800 ms (FindLiveObjects: 0.242000 ms CreateObjectMapping: 0.122300 ms MarkObjects: 3.617400 ms  DeleteObjects: 0.186600 ms)

========================================================================
Received Prepare
Registering precompiled user dll's ...
Registered in 0.002733 seconds.
Begin MonoManager ReloadAssembly
Native extension for WindowsStandalone target not found
Refreshing native plugins compatible for Editor in 0.46 ms, found 1 plugins.
Preloading 0 native plugins for Editor in 0.00 ms.
Invoked RoslynAnalysisRunner static constructor.
RoslynAnalysisRunner will not be running.
RoslynAnalysisRunner has terminated.
Mono: successfully reloaded assembly
- Completed reload, in  1.488 seconds
Platform modules already initialized, skipping
Refreshing native plugins compatible for Editor in 0.47 ms, found 1 plugins.
Preloading 0 native plugins for Editor in 0.00 ms.
Unloading 1837 Unused Serialized files (Serialized files now loaded: 0)
System memory in use before: 87.3 MB.
System memory in use after: 87.3 MB.

Unloading 12 unused Assets to reduce memory usage. Loaded Objects now: 2349.
Total: 3.102100 ms (FindLiveObjects: 0.249300 ms CreateObjectMapping: 0.135800 ms MarkObjects: 2.568500 ms  DeleteObjects: 0.146800 ms)

========================================================================
Received Prepare
Registering precompiled user dll's ...
Registered in 0.001699 seconds.
Begin MonoManager ReloadAssembly
Native extension for WindowsStandalone target not found
Refreshing native plugins compatible for Editor in 0.49 ms, found 1 plugins.
Preloading 0 native plugins for Editor in 0.00 ms.
Invoked RoslynAnalysisRunner static constructor.
RoslynAnalysisRunner will not be running.
RoslynAnalysisRunner has terminated.
Mono: successfully reloaded assembly
- Completed reload, in  1.512 seconds
Platform modules already initialized, skipping
Refreshing native plugins compatible for Editor in 0.46 ms, found 1 plugins.
Preloading 0 native plugins for Editor in 0.00 ms.
Unloading 1837 Unused Serialized files (Serialized files now loaded: 0)
System memory in use before: 87.3 MB.
System memory in use after: 87.3 MB.

Unloading 12 unused Assets to reduce memory usage. Loaded Objects now: 2353.
Total: 2.907300 ms (FindLiveObjects: 0.342300 ms CreateObjectMapping: 0.090000 ms MarkObjects: 2.334100 ms  DeleteObjects: 0.139100 ms)

========================================================================
Received Prepare
Registering precompiled user dll's ...
Registered in 0.002367 seconds.
Begin MonoManager ReloadAssembly
Native extension for WindowsStandalone target not found
Refreshing native plugins compatible for Editor in 0.47 ms, found 1 plugins.
Preloading 0 native plugins for Editor in 0.00 ms.
Invoked RoslynAnalysisRunner static constructor.
RoslynAnalysisRunner will not be running.
RoslynAnalysisRunner has terminated.
Mono: successfully reloaded assembly
- Completed reload, in  1.515 seconds
Platform modules already initialized, skipping
Refreshing native plugins compatible for Editor in 0.45 ms, found 1 plugins.
Preloading 0 native plugins for Editor in 0.00 ms.
Unloading 1837 Unused Serialized files (Serialized files now loaded: 0)
System memory in use before: 87.3 MB.
System memory in use after: 87.3 MB.

Unloading 12 unused Assets to reduce memory usage. Loaded Objects now: 2357.
Total: 4.814500 ms (FindLiveObjects: 0.389200 ms CreateObjectMapping: 0.117000 ms MarkObjects: 4.159400 ms  DeleteObjects: 0.147100 ms)

========================================================================
Received Prepare
Registering precompiled user dll's ...
Registered in 0.001507 seconds.
Begin MonoManager ReloadAssembly
Native extension for WindowsStandalone target not found
Refreshing native plugins compatible for Editor in 0.42 ms, found 1 plugins.
Preloading 0 native plugins for Editor in 0.00 ms.
Invoked RoslynAnalysisRunner static constructor.
RoslynAnalysisRunner will not be running.
RoslynAnalysisRunner has terminated.
Mono: successfully reloaded assembly
- Completed reload, in  1.413 seconds
Platform modules already initialized, skipping
Refreshing native plugins compatible for Editor in 0.46 ms, found 1 plugins.
Preloading 0 native plugins for Editor in 0.00 ms.
Unloading 1837 Unused Serialized files (Serialized files now loaded: 0)
System memory in use before: 87.3 MB.
System memory in use after: 87.3 MB.

Unloading 12 unused Assets to reduce memory usage. Loaded Objects now: 2361.
Total: 3.052800 ms (FindLiveObjects: 0.324200 ms CreateObjectMapping: 0.118000 ms MarkObjects: 2.466000 ms  DeleteObjects: 0.142900 ms)

AssetImportWorkerClient::OnTransportError - code=2 error=End of file
