Using pre-set license
Built from '2020.3/staging' branch; Version is '2020.3.0f1 (c7b5465681fb) revision 13088070'; Using compiler version '192528614'; Build Type 'Release'
OS: 'Windows 10 Home; OS build 19042.867; Version 2009; 64bit' Language: 'en' Physical Memory: 16281 MB
BatchMode: 1, IsHumanControllingUs: 0, StartBugReporterOnCrash: 0, Is64bit: 1, IsPro: 0

 COMMAND LINE ARGUMENTS:
C:\Program Files\Unity\Hub\Editor\2020.3.0f1\Editor\Unity.exe
-adb2
-batchMode
-noUpm
-name
AssetImportWorker0
-projectPath
C:/Users/monte/OneDrive/Desktop/Unity/Game
-logFile
Logs/AssetImportWorker0.log
-srvPort
51264
Successfully changed project path to: C:/Users/monte/OneDrive/Desktop/Unity/Game
C:/Users/monte/OneDrive/Desktop/Unity/Game
Using Asset Import Pipeline V2.
Refreshing native plugins compatible for Editor in 114.76 ms, found 1 plugins.
Preloading 0 native plugins for Editor in 0.00 ms.
Initialize engine version: 2020.3.0f1 (c7b5465681fb)
[Subsystems] Discovering subsystems at path C:/Program Files/Unity/Hub/Editor/2020.3.0f1/Editor/Data/Resources/UnitySubsystems
[Subsystems] Discovering subsystems at path C:/Users/monte/OneDrive/Desktop/Unity/Game/Assets
GfxDevice: creating device client; threaded=0
Direct3D:
    Version:  Direct3D 11.0 [level 11.1]
    Renderer: Intel(R) UHD Graphics 620 (ID=0x5917)
    Vendor:   
    VRAM:     8140 MB
    Driver:   27.20.100.8854
Initialize mono
Mono path[0] = 'C:/Program Files/Unity/Hub/Editor/2020.3.0f1/Editor/Data/Managed'
Mono path[1] = 'C:/Program Files/Unity/Hub/Editor/2020.3.0f1/Editor/Data/MonoBleedingEdge/lib/mono/unityjit'
Mono config path = 'C:/Program Files/Unity/Hub/Editor/2020.3.0f1/Editor/Data/MonoBleedingEdge/etc'
Using monoOptions --debugger-agent=transport=dt_socket,embedding=1,server=y,suspend=n,address=127.0.0.1:56292
Begin MonoManager ReloadAssembly
Registering precompiled unity dll's ...
Register platform support module: C:/Program Files/Unity/Hub/Editor/2020.3.0f1/Editor/Data/PlaybackEngines/WindowsStandaloneSupport/UnityEditor.WindowsStandalone.Extensions.dll
Registered in 0.004046 seconds.
Native extension for WindowsStandalone target not found
Refreshing native plugins compatible for Editor in 68.40 ms, found 1 plugins.
Preloading 0 native plugins for Editor in 0.00 ms.
Invoked RoslynAnalysisRunner static constructor.
RoslynAnalysisRunner will not be running.
RoslynAnalysisRunner has terminated.
Mono: successfully reloaded assembly
- Completed reload, in  2.734 seconds
Platform modules already initialized, skipping
Registering precompiled user dll's ...
Registered in 0.002296 seconds.
Begin MonoManager ReloadAssembly
Native extension for WindowsStandalone target not found
Refreshing native plugins compatible for Editor in 81.62 ms, found 1 plugins.
Preloading 0 native plugins for Editor in 0.00 ms.
Invoked RoslynAnalysisRunner static constructor.
RoslynAnalysisRunner will not be running.
RoslynAnalysisRunner has terminated.
Mono: successfully reloaded assembly
- Completed reload, in  1.949 seconds
Platform modules already initialized, skipping
========================================================================
Worker process is ready to serve import requests
Launched and connected shader compiler UnityShaderCompiler.exe after 0.07 seconds
Refreshing native plugins compatible for Editor in 0.44 ms, found 1 plugins.
Preloading 0 native plugins for Editor in 0.00 ms.
Unloading 1854 Unused Serialized files (Serialized files now loaded: 0)
System memory in use before: 87.5 MB.
System memory in use after: 87.5 MB.

Unloading 24 unused Assets to reduce memory usage. Loaded Objects now: 2298.
Total: 3.482100 ms (FindLiveObjects: 0.531400 ms CreateObjectMapping: 0.201500 ms MarkObjects: 2.571300 ms  DeleteObjects: 0.175800 ms)

========================================================================
Received Import Request.
  path: Assets/Sprits/GameManager.cs
  artifactKey: Guid(b87d710087330024e89d0ecd9b11f239) Importer(815301076,1909f56bfc062723c751e8b465ee728b)
Start importing Assets/Sprits/GameManager.cs using Guid(b87d710087330024e89d0ecd9b11f239) Importer(815301076,1909f56bfc062723c751e8b465ee728b)  -> (artifact id: 'ad4ee09aa441b018e3fe41ad76ef8974') in 0.033365 seconds
  Import took 0.039188 seconds .

========================================================================
Received Prepare
Registering precompiled user dll's ...
Registered in 0.002453 seconds.
Begin MonoManager ReloadAssembly
Native extension for WindowsStandalone target not found
Refreshing native plugins compatible for Editor in 0.95 ms, found 1 plugins.
Preloading 0 native plugins for Editor in 0.00 ms.
Invoked RoslynAnalysisRunner static constructor.
RoslynAnalysisRunner will not be running.
RoslynAnalysisRunner has terminated.
Mono: successfully reloaded assembly
- Completed reload, in  2.245 seconds
Platform modules already initialized, skipping
Refreshing native plugins compatible for Editor in 0.79 ms, found 1 plugins.
Preloading 0 native plugins for Editor in 0.00 ms.
Unloading 1836 Unused Serialized files (Serialized files now loaded: 0)
System memory in use before: 86.5 MB.
System memory in use after: 86.5 MB.

Unloading 12 unused Assets to reduce memory usage. Loaded Objects now: 2302.
Total: 3.810700 ms (FindLiveObjects: 0.236400 ms CreateObjectMapping: 0.111200 ms MarkObjects: 3.249600 ms  DeleteObjects: 0.211600 ms)

========================================================================
Received Import Request.
  Time since last request: 44.121778 seconds.
  path: Assets/Sprits/GameManager.cs
  artifactKey: Guid(b87d710087330024e89d0ecd9b11f239) Importer(815301076,1909f56bfc062723c751e8b465ee728b)
Start importing Assets/Sprits/GameManager.cs using Guid(b87d710087330024e89d0ecd9b11f239) Importer(815301076,1909f56bfc062723c751e8b465ee728b)  -> (artifact id: '1806ff46080e6c0f51e0c0e8dca7aaa3') in 0.008534 seconds
  Import took 0.014061 seconds .

========================================================================
Received Import Request.
  Time since last request: 0.007989 seconds.
  path: Assets/Sprits/GameManager.cs
  artifactKey: Guid(b87d710087330024e89d0ecd9b11f239) Importer(815301076,1909f56bfc062723c751e8b465ee728b)
Start importing Assets/Sprits/GameManager.cs using Guid(b87d710087330024e89d0ecd9b11f239) Importer(815301076,1909f56bfc062723c751e8b465ee728b)  -> (artifact id: '1806ff46080e6c0f51e0c0e8dca7aaa3') in 0.005549 seconds
  Import took 0.009856 seconds .

